<?xml version="1.0" encoding="UTF-8"?>
<testsuite xmlns:xsi="http://www.w3.org/2001/XMLSchema-instance" xsi:noNamespaceSchemaLocation="https://maven.apache.org/surefire/maven-surefire-plugin/xsd/surefire-test-report.xsd" name="Tests.TestAddProductCarpet" time="33.229" tests="4" errors="0" skipped="0" failures="0">
  <properties>
[...]
</properties>
  <testcase name="search_a_product" classname="Tests.TestAddProductCarpet" time="5.022"/>
  <testcase name="select_a_product" classname="Tests.TestAddProductCarpet" time="2.6"/>
  <testcase name="add_product_to_cart" classname="Tests.TestAddProductCarpet" time="1.472"/>
  <testcase name="go_to_cart" classname="Tests.TestAddProductCarpet" time="2.03"/>
</testsuite>